<?xml version="1.0" encoding="UTF-8"?>
<!-- Generated by org.testng.reporters.JUnitReportReporter -->
<testsuite hostname="DEVESHPC" failures="0" tests="6" name="testcases.BuyItemTestCase" time="25.132" errors="0" timestamp="2025-02-13T17:51:08 IST" skipped="0">
  <testcase classname="testcases.BuyItemTestCase" name="test004addToCart" time="13.102"/>
  <system-out/>
  <testcase classname="testcases.BuyItemTestCase" name="test003selectDialColor" time="4.428"/>
  <system-out/>
  <testcase classname="testcases.BuyItemTestCase" name="test002selectPriceRange" time="0.660"/>
  <system-out/>
  <testcase classname="testcases.BuyItemTestCase" name="test006GoToCartAndBuy" time="4.212"/>
  <system-out/>
  <testcase classname="testcases.BuyItemTestCase" name="test001searchWatch" time="2.564"/>
  <system-out/>
  <testcase classname="testcases.BuyItemTestCase" name="test005IncreaseItemNumber" time="0.166"/>
  <system-out/>
</testsuite> <!-- testcases.BuyItemTestCase -->
